<?xml version="1.0" encoding="UTF-8"?>
<testng-results skipped="0" failed="1" ignored="0" total="8" passed="7">
  <reporter-output>
  </reporter-output>
  <suite name="Default suite" duration-ms="17336" started-at="2021-01-04T02:24:46Z" finished-at="2021-01-04T02:25:04Z">
    <groups>
    </groups>
    <test name="Default test" duration-ms="17336" started-at="2021-01-04T02:24:46Z" finished-at="2021-01-04T02:25:04Z">
      <class name="com.openmrs.tests.LoginPageTest">
        <test-method status="PASS" signature="setup()[pri:0, instance:com.openmrs.tests.LoginPageTest@475e586c]" name="setup" is-config="true" duration-ms="9540" started-at="2021-01-04T02:24:46Z" finished-at="2021-01-04T02:24:56Z">
          <reporter-output>
          </reporter-output>
        </test-method> <!-- setup -->
        <test-method status="PASS" signature="verifyLogoTest()[pri:1, instance:com.openmrs.tests.LoginPageTest@475e586c]" name="verifyLogoTest" duration-ms="3138" started-at="2021-01-04T02:24:56Z" finished-at="2021-01-04T02:24:59Z">
          <reporter-output>
          </reporter-output>
        </test-method> <!-- verifyLogoTest -->
        <test-method status="PASS" signature="verifyPageTitleTest()[pri:2, instance:com.openmrs.tests.LoginPageTest@475e586c]" name="verifyPageTitleTest" duration-ms="6" started-at="2021-01-04T02:24:59Z" finished-at="2021-01-04T02:24:59Z">
          <reporter-output>
          </reporter-output>
        </test-method> <!-- verifyPageTitleTest -->
        <test-method status="PASS" signature="verifyLocationListTest()[pri:3, instance:com.openmrs.tests.LoginPageTest@475e586c]" name="verifyLocationListTest" duration-ms="119" started-at="2021-01-04T02:24:59Z" finished-at="2021-01-04T02:24:59Z">
          <reporter-output>
          </reporter-output>
        </test-method> <!-- verifyLocationListTest -->
        <test-method status="PASS" signature="verifyLoginBtnStatusTest()[pri:4, instance:com.openmrs.tests.LoginPageTest@475e586c]" name="verifyLoginBtnStatusTest" duration-ms="46" started-at="2021-01-04T02:24:59Z" finished-at="2021-01-04T02:24:59Z">
          <reporter-output>
          </reporter-output>
        </test-method> <!-- verifyLoginBtnStatusTest -->
        <test-method status="PASS" signature="verifyCantLoginLinkTest()[pri:5, instance:com.openmrs.tests.LoginPageTest@475e586c]" name="verifyCantLoginLinkTest" duration-ms="79" started-at="2021-01-04T02:24:59Z" finished-at="2021-01-04T02:24:59Z">
          <reporter-output>
          </reporter-output>
        </test-method> <!-- verifyCantLoginLinkTest -->
        <test-method status="PASS" signature="verifyMsgLoginWithoutCredTest()[pri:6, instance:com.openmrs.tests.LoginPageTest@475e586c]" name="verifyMsgLoginWithoutCredTest" duration-ms="141" started-at="2021-01-04T02:24:59Z" finished-at="2021-01-04T02:24:59Z">
          <reporter-output>
          </reporter-output>
        </test-method> <!-- verifyMsgLoginWithoutCredTest -->
        <test-method status="PASS" signature="verifyMsgLoginWithoutCredWithLocTest()[pri:7, instance:com.openmrs.tests.LoginPageTest@475e586c]" name="verifyMsgLoginWithoutCredWithLocTest" duration-ms="583" started-at="2021-01-04T02:24:59Z" finished-at="2021-01-04T02:25:00Z">
          <reporter-output>
          </reporter-output>
        </test-method> <!-- verifyMsgLoginWithoutCredWithLocTest -->
        <test-method status="FAIL" signature="loginTest()[pri:9, instance:com.openmrs.tests.LoginPageTest@475e586c]" name="loginTest" duration-ms="3006" started-at="2021-01-04T02:25:00Z" finished-at="2021-01-04T02:25:03Z">
          <exception class="java.lang.NullPointerException">
            <full-stacktrace>
              <![CDATA[java.lang.NullPointerException
at com.openmrs.tests.LoginPageTest.loginTest(LoginPageTest.java:49)
at sun.reflect.NativeMethodAccessorImpl.invoke0(Native Method)
at sun.reflect.NativeMethodAccessorImpl.invoke(NativeMethodAccessorImpl.java:62)
at sun.reflect.DelegatingMethodAccessorImpl.invoke(DelegatingMethodAccessorImpl.java:43)
at java.lang.reflect.Method.invoke(Method.java:498)
at org.testng.internal.MethodInvocationHelper.invokeMethod(MethodInvocationHelper.java:124)
at org.testng.internal.Invoker.invokeMethod(Invoker.java:583)
at org.testng.internal.Invoker.invokeTestMethod(Invoker.java:719)
at org.testng.internal.Invoker.invokeTestMethods(Invoker.java:989)
at org.testng.internal.TestMethodWorker.invokeTestMethods(TestMethodWorker.java:125)
at org.testng.internal.TestMethodWorker.run(TestMethodWorker.java:109)
at org.testng.TestRunner.privateRun(TestRunner.java:648)
at org.testng.TestRunner.run(TestRunner.java:505)
at org.testng.SuiteRunner.runTest(SuiteRunner.java:455)
at org.testng.SuiteRunner.runSequentially(SuiteRunner.java:450)
at org.testng.SuiteRunner.privateRun(SuiteRunner.java:415)
at org.testng.SuiteRunner.run(SuiteRunner.java:364)
at org.testng.SuiteRunnerWorker.runSuite(SuiteRunnerWorker.java:52)
at org.testng.SuiteRunnerWorker.run(SuiteRunnerWorker.java:84)
at org.testng.TestNG.runSuitesSequentially(TestNG.java:1208)
at org.testng.TestNG.runSuitesLocally(TestNG.java:1137)
at org.testng.TestNG.runSuites(TestNG.java:1049)
at org.testng.TestNG.run(TestNG.java:1017)
at org.testng.remote.AbstractRemoteTestNG.run(AbstractRemoteTestNG.java:115)
at org.testng.remote.RemoteTestNG.initAndRun(RemoteTestNG.java:251)
at org.testng.remote.RemoteTestNG.main(RemoteTestNG.java:77)
]]>
            </full-stacktrace>
          </exception> <!-- java.lang.NullPointerException -->
          <reporter-output>
          </reporter-output>
        </test-method> <!-- loginTest -->
        <test-method status="PASS" signature="tearDown()[pri:0, instance:com.openmrs.tests.LoginPageTest@475e586c]" name="tearDown" is-config="true" duration-ms="647" started-at="2021-01-04T02:25:03Z" finished-at="2021-01-04T02:25:04Z">
          <reporter-output>
          </reporter-output>
        </test-method> <!-- tearDown -->
      </class> <!-- com.openmrs.tests.LoginPageTest -->
    </test> <!-- Default test -->
  </suite> <!-- Default suite -->
</testng-results>
